Using pre-set license
Built from '2020.3/release' branch; Version is '2020.3.12f1 (b3b2c6512326) revision 11776710'; Using compiler version '192528614'; Build Type 'Release'
OS: 'Windows 10 Home; OS build 22000.613; Version 2009; 64bit' Language: 'en' Physical Memory: 15742 MB
BatchMode: 1, IsHumanControllingUs: 0, StartBugReporterOnCrash: 0, Is64bit: 1, IsPro: 0

 COMMAND LINE ARGUMENTS:
C:\Program Files\Unity\Hub\Editor\2020.3.12f1\Editor\Unity.exe
-adb2
-batchMode
-noUpm
-name
AssetImportWorker0
-projectPath
C:/Users/emily/capstone game
-logFile
Logs/AssetImportWorker0.log
-srvPort
58768
Successfully changed project path to: C:/Users/emily/capstone game
C:/Users/emily/capstone game
Using Asset Import Pipeline V2.
Refreshing native plugins compatible for Editor in 77.24 ms, found 3 plugins.
Preloading 0 native plugins for Editor in 0.00 ms.
Initialize engine version: 2020.3.12f1 (b3b2c6512326)
[Subsystems] Discovering subsystems at path C:/Program Files/Unity/Hub/Editor/2020.3.12f1/Editor/Data/Resources/UnitySubsystems
[Subsystems] Discovering subsystems at path C:/Users/emily/capstone game/Assets
GfxDevice: creating device client; threaded=0
Direct3D:
    Version:  Direct3D 11.0 [level 11.1]
    Renderer: AMD Radeon(TM) Graphics (ID=0x1636)
    Vendor:   
    VRAM:     7871 MB
    Driver:   27.20.21002.112
Initialize mono
Mono path[0] = 'C:/Program Files/Unity/Hub/Editor/2020.3.12f1/Editor/Data/Managed'
Mono path[1] = 'C:/Program Files/Unity/Hub/Editor/2020.3.12f1/Editor/Data/MonoBleedingEdge/lib/mono/unityjit'
Mono config path = 'C:/Program Files/Unity/Hub/Editor/2020.3.12f1/Editor/Data/MonoBleedingEdge/etc'
Using monoOptions --debugger-agent=transport=dt_socket,embedding=1,server=y,suspend=n,address=127.0.0.1:56436
Begin MonoManager ReloadAssembly
Registering precompiled unity dll's ...
Register platform support module: C:/Program Files/Unity/Hub/Editor/2020.3.12f1/Editor/Data/PlaybackEngines/WindowsStandaloneSupport/UnityEditor.WindowsStandalone.Extensions.dll
Registered in 0.005355 seconds.
Native extension for WindowsStandalone target not found
Refreshing native plugins compatible for Editor in 97.10 ms, found 3 plugins.
Preloading 0 native plugins for Editor in 0.00 ms.
Mono: successfully reloaded assembly
- Completed reload, in  2.022 seconds
Platform modules already initialized, skipping
Registering precompiled user dll's ...
Registered in 0.008402 seconds.
Begin MonoManager ReloadAssembly
Native extension for WindowsStandalone target not found
Refreshing native plugins compatible for Editor in 73.27 ms, found 3 plugins.
Preloading 0 native plugins for Editor in 0.00 ms.
Mono: successfully reloaded assembly
- Completed reload, in  1.848 seconds
Platform modules already initialized, skipping
========================================================================
Worker process is ready to serve import requests
Launched and connected shader compiler UnityShaderCompiler.exe after 0.08 seconds
Refreshing native plugins compatible for Editor in 0.66 ms, found 3 plugins.
Preloading 0 native plugins for Editor in 0.00 ms.
Unloading 2111 Unused Serialized files (Serialized files now loaded: 0)
System memory in use before: 93.5 MB.
System memory in use after: 93.6 MB.

Unloading 28 unused Assets to reduce memory usage. Loaded Objects now: 2551.
Total: 3.908200 ms (FindLiveObjects: 0.294100 ms CreateObjectMapping: 0.126700 ms MarkObjects: 3.353900 ms  DeleteObjects: 0.131200 ms)

AssetImportParameters requested are different than current active one (requested -> active):
  custom:framework-win-MediaFoundation: 216162199b28c13a410421893ffa2e32 -> 
  custom:video-decoder-ogg-theora: a1e56fd34408186e4bbccfd4996cb3dc -> 
  custom:container-muxer-webm: aa71ff27fc2769a1b78a27578f13a17b -> 
  custom:container-demuxer-webm: 4f35f7cbe854078d1ac9338744f61a02 -> 
  custom:container-demuxer-ogg: 62fdf1f143b41e24485cea50d1cbac27 -> 
  custom:video-encoder-webm-vp8: eb34c28f22e8b96e1ab97ce403110664 -> 
  custom:video-codec-MediaFoundation-h265: 746d11721c4dcdbdad8f713fa42b33f4 -> 
  custom:video-decoder-webm-vp8: 9c59270c3fd7afecdb556c50c9e8de78 -> 
  custom:audio-decoder-ogg-vorbis: bf7c407c2cedff20999df2af8eb42d56 -> 
  custom:audio-encoder-webm-vorbis: bf7c407c2cedff20999df2af8eb42d56 -> 
========================================================================
Received Import Request.
  path: Assets/Scenes/GoldRoom.unity
  artifactKey: Guid(32a01e1ca4564b64b92f5f867bdba8ef) Importer(815301076,1909f56bfc062723c751e8b465ee728b)
Start importing Assets/Scenes/GoldRoom.unity using Guid(32a01e1ca4564b64b92f5f867bdba8ef) Importer(815301076,1909f56bfc062723c751e8b465ee728b)  -> (artifact id: '9034c1d58d36eeae1b105888bb8d37fe') in 0.021017 seconds 
  Import took 0.026498 seconds .

========================================================================
Received Import Request.
  Time since last request: 15.625844 seconds.
  path: Assets/Scenes/Hall.unity
  artifactKey: Guid(717aa96aee2c40b4797c22b4e388f932) Importer(815301076,1909f56bfc062723c751e8b465ee728b)
Start importing Assets/Scenes/Hall.unity using Guid(717aa96aee2c40b4797c22b4e388f932) Importer(815301076,1909f56bfc062723c751e8b465ee728b)  -> (artifact id: 'd2536b3d485adcf2c4493a6463608930') in 0.015585 seconds 
  Import took 0.045829 seconds .

========================================================================
Received Import Request.
  Time since last request: 345.786141 seconds.
  path: Assets/Prefabs/Grid.prefab
  artifactKey: Guid(c8fa4dcedd002cb4ea84d5fcf25d5709) Importer(815301076,1909f56bfc062723c751e8b465ee728b)
Start importing Assets/Prefabs/Grid.prefab using Guid(c8fa4dcedd002cb4ea84d5fcf25d5709) Importer(815301076,1909f56bfc062723c751e8b465ee728b)  -> (artifact id: 'fc91520d567c65da016d7223630bf56a') in 0.087526 seconds 
  Import took 0.097737 seconds .

========================================================================
Received Import Request.
  Time since last request: 3.530168 seconds.
  path: Assets/Prefabs/Grid.prefab
  artifactKey: Guid(c8fa4dcedd002cb4ea84d5fcf25d5709) Importer(815301076,1909f56bfc062723c751e8b465ee728b)
Start importing Assets/Prefabs/Grid.prefab using Guid(c8fa4dcedd002cb4ea84d5fcf25d5709) Importer(815301076,1909f56bfc062723c751e8b465ee728b)  -> (artifact id: 'd07280f367170d7c3cf24cc71d9fd5ed') in 0.010677 seconds 
  Import took 0.018900 seconds .

========================================================================
Received Import Request.
  Time since last request: 2.767952 seconds.
  path: Assets/Prefabs/Grid.prefab
  artifactKey: Guid(c8fa4dcedd002cb4ea84d5fcf25d5709) Importer(815301076,1909f56bfc062723c751e8b465ee728b)
Start importing Assets/Prefabs/Grid.prefab using Guid(c8fa4dcedd002cb4ea84d5fcf25d5709) Importer(815301076,1909f56bfc062723c751e8b465ee728b)  -> (artifact id: '26f19cad41536630c097b6f01d74d146') in 0.012122 seconds 
  Import took 0.021035 seconds .

========================================================================
Received Import Request.
  Time since last request: 10.639498 seconds.
  path: Assets/Prefabs/Grid.prefab
  artifactKey: Guid(c8fa4dcedd002cb4ea84d5fcf25d5709) Importer(815301076,1909f56bfc062723c751e8b465ee728b)
Start importing Assets/Prefabs/Grid.prefab using Guid(c8fa4dcedd002cb4ea84d5fcf25d5709) Importer(815301076,1909f56bfc062723c751e8b465ee728b)  -> (artifact id: 'bff5ae5c8d624d826aabbdde8f80f307') in 0.007766 seconds 
  Import took 0.021544 seconds .

========================================================================
Received Import Request.
  Time since last request: 13.632721 seconds.
  path: Assets/Prefabs/Grid.prefab
  artifactKey: Guid(c8fa4dcedd002cb4ea84d5fcf25d5709) Importer(815301076,1909f56bfc062723c751e8b465ee728b)
Start importing Assets/Prefabs/Grid.prefab using Guid(c8fa4dcedd002cb4ea84d5fcf25d5709) Importer(815301076,1909f56bfc062723c751e8b465ee728b)  -> (artifact id: '7ebf69b5d680ed6c85ecf1e0f4430fe8') in 0.010054 seconds 
  Import took 0.025185 seconds .

========================================================================
Received Import Request.
  Time since last request: 0.011369 seconds.
  path: Assets/Prefabs/Grid.prefab
  artifactKey: Guid(c8fa4dcedd002cb4ea84d5fcf25d5709) Importer(815301076,1909f56bfc062723c751e8b465ee728b)
Start importing Assets/Prefabs/Grid.prefab using Guid(c8fa4dcedd002cb4ea84d5fcf25d5709) Importer(815301076,1909f56bfc062723c751e8b465ee728b)  -> (artifact id: '7ebf69b5d680ed6c85ecf1e0f4430fe8') in 0.011147 seconds 
  Import took 0.018331 seconds .

========================================================================
Received Import Request.
  Time since last request: 3.753732 seconds.
  path: Assets/Prefabs/Grid.prefab
  artifactKey: Guid(c8fa4dcedd002cb4ea84d5fcf25d5709) Importer(815301076,1909f56bfc062723c751e8b465ee728b)
Start importing Assets/Prefabs/Grid.prefab using Guid(c8fa4dcedd002cb4ea84d5fcf25d5709) Importer(815301076,1909f56bfc062723c751e8b465ee728b)  -> (artifact id: 'eb3aa10c0699cac94b4336e2d5cc3cf7') in 0.011217 seconds 
  Import took 0.018259 seconds .

========================================================================
Received Import Request.
  Time since last request: 3.791653 seconds.
  path: Assets/Prefabs/Grid.prefab
  artifactKey: Guid(c8fa4dcedd002cb4ea84d5fcf25d5709) Importer(815301076,1909f56bfc062723c751e8b465ee728b)
Start importing Assets/Prefabs/Grid.prefab using Guid(c8fa4dcedd002cb4ea84d5fcf25d5709) Importer(815301076,1909f56bfc062723c751e8b465ee728b)  -> (artifact id: '87c438adbbb584936ee790767ad7dede') in 0.008386 seconds 
  Import took 0.019193 seconds .

========================================================================
Received Import Request.
  Time since last request: 5.246929 seconds.
  path: Assets/Prefabs/Grid.prefab
  artifactKey: Guid(c8fa4dcedd002cb4ea84d5fcf25d5709) Importer(815301076,1909f56bfc062723c751e8b465ee728b)
Start importing Assets/Prefabs/Grid.prefab using Guid(c8fa4dcedd002cb4ea84d5fcf25d5709) Importer(815301076,1909f56bfc062723c751e8b465ee728b)  -> (artifact id: '7130eb078a45ae93093c08c654eba000') in 0.012555 seconds 
  Import took 0.021279 seconds .

========================================================================
Received Import Request.
  Time since last request: 2.688783 seconds.
  path: Assets/Prefabs/Grid.prefab
  artifactKey: Guid(c8fa4dcedd002cb4ea84d5fcf25d5709) Importer(815301076,1909f56bfc062723c751e8b465ee728b)
Start importing Assets/Prefabs/Grid.prefab using Guid(c8fa4dcedd002cb4ea84d5fcf25d5709) Importer(815301076,1909f56bfc062723c751e8b465ee728b)  -> (artifact id: '6ef473d36a12cb48462e87593aec7ccd') in 0.012846 seconds 
  Import took 0.020823 seconds .

========================================================================
Received Import Request.
  Time since last request: 10.474175 seconds.
  path: Assets/Prefabs/Grid.prefab
  artifactKey: Guid(c8fa4dcedd002cb4ea84d5fcf25d5709) Importer(815301076,1909f56bfc062723c751e8b465ee728b)
Start importing Assets/Prefabs/Grid.prefab using Guid(c8fa4dcedd002cb4ea84d5fcf25d5709) Importer(815301076,1909f56bfc062723c751e8b465ee728b)  -> (artifact id: '61f767136b0a8b34d3563f7f9433bac7') in 0.010701 seconds 
  Import took 0.025274 seconds .

========================================================================
Received Import Request.
  Time since last request: 1.977098 seconds.
  path: Assets/Prefabs/Grid.prefab
  artifactKey: Guid(c8fa4dcedd002cb4ea84d5fcf25d5709) Importer(815301076,1909f56bfc062723c751e8b465ee728b)
Start importing Assets/Prefabs/Grid.prefab using Guid(c8fa4dcedd002cb4ea84d5fcf25d5709) Importer(815301076,1909f56bfc062723c751e8b465ee728b)  -> (artifact id: '79e3075463f680ec1878374178448946') in 0.013872 seconds 
  Import took 0.029088 seconds .

========================================================================
Received Import Request.
  Time since last request: 13.959397 seconds.
  path: Assets/Scenes/Hall.unity
  artifactKey: Guid(717aa96aee2c40b4797c22b4e388f932) Importer(815301076,1909f56bfc062723c751e8b465ee728b)
Start importing Assets/Scenes/Hall.unity using Guid(717aa96aee2c40b4797c22b4e388f932) Importer(815301076,1909f56bfc062723c751e8b465ee728b)  -> (artifact id: '0575eafa04e3e2cfd97b3501d2cb0d70') in 0.005293 seconds 
  Import took 0.025236 seconds .

========================================================================
Received Import Request.
  Time since last request: 47.687847 seconds.
  path: Assets/Prefabs/Grid.prefab
  artifactKey: Guid(c8fa4dcedd002cb4ea84d5fcf25d5709) Importer(815301076,1909f56bfc062723c751e8b465ee728b)
Start importing Assets/Prefabs/Grid.prefab using Guid(c8fa4dcedd002cb4ea84d5fcf25d5709) Importer(815301076,1909f56bfc062723c751e8b465ee728b)  -> (artifact id: '39bd44a3a42bb9e91652520ad9b5bdc2') in 0.010834 seconds 
  Import took 0.026130 seconds .

========================================================================
Received Import Request.
  Time since last request: 2.269397 seconds.
  path: Assets/Prefabs/Grid.prefab
  artifactKey: Guid(c8fa4dcedd002cb4ea84d5fcf25d5709) Importer(815301076,1909f56bfc062723c751e8b465ee728b)
Start importing Assets/Prefabs/Grid.prefab using Guid(c8fa4dcedd002cb4ea84d5fcf25d5709) Importer(815301076,1909f56bfc062723c751e8b465ee728b)  -> (artifact id: '3f5ec3077aaac66e307ff8bf6a69b1c8') in 0.010953 seconds 
  Import took 0.025276 seconds .

========================================================================
Received Import Request.
  Time since last request: 3.638214 seconds.
  path: Assets/Prefabs/Grid.prefab
  artifactKey: Guid(c8fa4dcedd002cb4ea84d5fcf25d5709) Importer(815301076,1909f56bfc062723c751e8b465ee728b)
Start importing Assets/Prefabs/Grid.prefab using Guid(c8fa4dcedd002cb4ea84d5fcf25d5709) Importer(815301076,1909f56bfc062723c751e8b465ee728b)  -> (artifact id: '444881ce446ad5669560f99545be5e39') in 0.008545 seconds 
  Import took 0.016235 seconds .

========================================================================
Received Import Request.
  Time since last request: 0.470979 seconds.
  path: Assets/Prefabs/Grid.prefab
  artifactKey: Guid(c8fa4dcedd002cb4ea84d5fcf25d5709) Importer(815301076,1909f56bfc062723c751e8b465ee728b)
Start importing Assets/Prefabs/Grid.prefab using Guid(c8fa4dcedd002cb4ea84d5fcf25d5709) Importer(815301076,1909f56bfc062723c751e8b465ee728b)  -> (artifact id: 'c0482e93db87c66117f62759bbcf4432') in 0.012193 seconds 
  Import took 0.021101 seconds .

========================================================================
Received Import Request.
  Time since last request: 14.529691 seconds.
  path: Assets/Prefabs/Grid.prefab
  artifactKey: Guid(c8fa4dcedd002cb4ea84d5fcf25d5709) Importer(815301076,1909f56bfc062723c751e8b465ee728b)
Start importing Assets/Prefabs/Grid.prefab using Guid(c8fa4dcedd002cb4ea84d5fcf25d5709) Importer(815301076,1909f56bfc062723c751e8b465ee728b)  -> (artifact id: '2fe552709e7e18c408ac257a67b8e25b') in 0.011228 seconds 
  Import took 0.018690 seconds .

========================================================================
Received Import Request.
  Time since last request: 3.692522 seconds.
  path: Assets/Prefabs/Grid.prefab
  artifactKey: Guid(c8fa4dcedd002cb4ea84d5fcf25d5709) Importer(815301076,1909f56bfc062723c751e8b465ee728b)
Start importing Assets/Prefabs/Grid.prefab using Guid(c8fa4dcedd002cb4ea84d5fcf25d5709) Importer(815301076,1909f56bfc062723c751e8b465ee728b)  -> (artifact id: '181f160b413727249bb0918f4c6361ae') in 0.013665 seconds 
  Import took 0.022181 seconds .

========================================================================
Received Import Request.
  Time since last request: 104.986507 seconds.
  path: Assets/Scenes/Hall.unity
  artifactKey: Guid(717aa96aee2c40b4797c22b4e388f932) Importer(815301076,1909f56bfc062723c751e8b465ee728b)
Start importing Assets/Scenes/Hall.unity using Guid(717aa96aee2c40b4797c22b4e388f932) Importer(815301076,1909f56bfc062723c751e8b465ee728b)  -> (artifact id: '0a3ef4ee1ce0612f926128c1ec021ae2') in 0.007627 seconds 
  Import took 0.016491 seconds .

========================================================================
Received Prepare
Registering precompiled user dll's ...
Registered in 0.004932 seconds.
Begin MonoManager ReloadAssembly
Native extension for WindowsStandalone target not found
Refreshing native plugins compatible for Editor in 0.49 ms, found 3 plugins.
Preloading 0 native plugins for Editor in 0.00 ms.
Mono: successfully reloaded assembly
- Completed reload, in  1.017 seconds
Platform modules already initialized, skipping
Refreshing native plugins compatible for Editor in 0.48 ms, found 3 plugins.
Preloading 0 native plugins for Editor in 0.00 ms.
Unloading 2101 Unused Serialized files (Serialized files now loaded: 0)
System memory in use before: 93.0 MB.
System memory in use after: 93.2 MB.

Unloading 16 unused Assets to reduce memory usage. Loaded Objects now: 2555.
Total: 2.638400 ms (FindLiveObjects: 0.316100 ms CreateObjectMapping: 0.050000 ms MarkObjects: 2.246300 ms  DeleteObjects: 0.023700 ms)

AssetImportParameters requested are different than current active one (requested -> active):
  custom:framework-win-MediaFoundation: 216162199b28c13a410421893ffa2e32 -> 
  custom:video-decoder-ogg-theora: a1e56fd34408186e4bbccfd4996cb3dc -> 
  custom:container-muxer-webm: aa71ff27fc2769a1b78a27578f13a17b -> 
  custom:container-demuxer-webm: 4f35f7cbe854078d1ac9338744f61a02 -> 
  custom:container-demuxer-ogg: 62fdf1f143b41e24485cea50d1cbac27 -> 
  custom:video-encoder-webm-vp8: eb34c28f22e8b96e1ab97ce403110664 -> 
  custom:video-codec-MediaFoundation-h265: 746d11721c4dcdbdad8f713fa42b33f4 -> 
  custom:video-decoder-webm-vp8: 9c59270c3fd7afecdb556c50c9e8de78 -> 
  custom:audio-decoder-ogg-vorbis: bf7c407c2cedff20999df2af8eb42d56 -> 
  custom:audio-encoder-webm-vorbis: bf7c407c2cedff20999df2af8eb42d56 -> 
========================================================================
Received Prepare
Registering precompiled user dll's ...
Registered in 0.009114 seconds.
Begin MonoManager ReloadAssembly
Native extension for WindowsStandalone target not found
Refreshing native plugins compatible for Editor in 0.94 ms, found 3 plugins.
Preloading 0 native plugins for Editor in 0.00 ms.
Mono: successfully reloaded assembly
- Completed reload, in  2.065 seconds
Platform modules already initialized, skipping
Refreshing native plugins compatible for Editor in 0.65 ms, found 3 plugins.
Preloading 0 native plugins for Editor in 0.00 ms.
Unloading 2101 Unused Serialized files (Serialized files now loaded: 0)
System memory in use before: 93.1 MB.
System memory in use after: 93.2 MB.

Unloading 16 unused Assets to reduce memory usage. Loaded Objects now: 2559.
Total: 4.402500 ms (FindLiveObjects: 0.320900 ms CreateObjectMapping: 0.131000 ms MarkObjects: 3.901100 ms  DeleteObjects: 0.046500 ms)

AssetImportParameters requested are different than current active one (requested -> active):
  custom:framework-win-MediaFoundation: 216162199b28c13a410421893ffa2e32 -> 
  custom:video-decoder-ogg-theora: a1e56fd34408186e4bbccfd4996cb3dc -> 
  custom:container-muxer-webm: aa71ff27fc2769a1b78a27578f13a17b -> 
  custom:container-demuxer-webm: 4f35f7cbe854078d1ac9338744f61a02 -> 
  custom:container-demuxer-ogg: 62fdf1f143b41e24485cea50d1cbac27 -> 
  custom:video-encoder-webm-vp8: eb34c28f22e8b96e1ab97ce403110664 -> 
  custom:video-codec-MediaFoundation-h265: 746d11721c4dcdbdad8f713fa42b33f4 -> 
  custom:video-decoder-webm-vp8: 9c59270c3fd7afecdb556c50c9e8de78 -> 
  custom:audio-decoder-ogg-vorbis: bf7c407c2cedff20999df2af8eb42d56 -> 
  custom:audio-encoder-webm-vorbis: bf7c407c2cedff20999df2af8eb42d56 -> 
========================================================================
Received Import Request.
  Time since last request: 771.272949 seconds.
  path: Assets/Scenes/Hall.unity
  artifactKey: Guid(717aa96aee2c40b4797c22b4e388f932) Importer(815301076,1909f56bfc062723c751e8b465ee728b)
Start importing Assets/Scenes/Hall.unity using Guid(717aa96aee2c40b4797c22b4e388f932) Importer(815301076,1909f56bfc062723c751e8b465ee728b)  -> (artifact id: '0c66075e4d4b98c1690dfdd27b88654c') in 0.033827 seconds 
  Import took 0.044339 seconds .

========================================================================
Received Prepare
Registering precompiled user dll's ...
Registered in 0.008677 seconds.
Begin MonoManager ReloadAssembly
Native extension for WindowsStandalone target not found
Refreshing native plugins compatible for Editor in 0.66 ms, found 3 plugins.
Preloading 0 native plugins for Editor in 0.00 ms.
Mono: successfully reloaded assembly
- Completed reload, in  1.530 seconds
Platform modules already initialized, skipping
Refreshing native plugins compatible for Editor in 0.64 ms, found 3 plugins.
Preloading 0 native plugins for Editor in 0.00 ms.
Unloading 2101 Unused Serialized files (Serialized files now loaded: 0)
System memory in use before: 93.1 MB.
System memory in use after: 93.2 MB.

Unloading 16 unused Assets to reduce memory usage. Loaded Objects now: 2563.
Total: 3.480100 ms (FindLiveObjects: 0.340300 ms CreateObjectMapping: 0.128700 ms MarkObjects: 2.976900 ms  DeleteObjects: 0.032000 ms)

AssetImportParameters requested are different than current active one (requested -> active):
  custom:framework-win-MediaFoundation: 216162199b28c13a410421893ffa2e32 -> 
  custom:video-decoder-ogg-theora: a1e56fd34408186e4bbccfd4996cb3dc -> 
  custom:container-muxer-webm: aa71ff27fc2769a1b78a27578f13a17b -> 
  custom:container-demuxer-webm: 4f35f7cbe854078d1ac9338744f61a02 -> 
  custom:container-demuxer-ogg: 62fdf1f143b41e24485cea50d1cbac27 -> 
  custom:video-encoder-webm-vp8: eb34c28f22e8b96e1ab97ce403110664 -> 
  custom:video-codec-MediaFoundation-h265: 746d11721c4dcdbdad8f713fa42b33f4 -> 
  custom:video-decoder-webm-vp8: 9c59270c3fd7afecdb556c50c9e8de78 -> 
  custom:audio-decoder-ogg-vorbis: bf7c407c2cedff20999df2af8eb42d56 -> 
  custom:audio-encoder-webm-vorbis: bf7c407c2cedff20999df2af8eb42d56 -> 
========================================================================
Received Prepare
Registering precompiled user dll's ...
Registered in 0.007827 seconds.
Begin MonoManager ReloadAssembly
Native extension for WindowsStandalone target not found
Refreshing native plugins compatible for Editor in 0.95 ms, found 3 plugins.
Preloading 0 native plugins for Editor in 0.00 ms.
Mono: successfully reloaded assembly
- Completed reload, in  2.130 seconds
Platform modules already initialized, skipping
Refreshing native plugins compatible for Editor in 0.64 ms, found 3 plugins.
Preloading 0 native plugins for Editor in 0.00 ms.
Unloading 2101 Unused Serialized files (Serialized files now loaded: 0)
System memory in use before: 93.1 MB.
System memory in use after: 93.3 MB.

Unloading 16 unused Assets to reduce memory usage. Loaded Objects now: 2567.
Total: 3.281900 ms (FindLiveObjects: 0.286600 ms CreateObjectMapping: 0.077900 ms MarkObjects: 2.882900 ms  DeleteObjects: 0.032100 ms)

AssetImportParameters requested are different than current active one (requested -> active):
  custom:framework-win-MediaFoundation: 216162199b28c13a410421893ffa2e32 -> 
  custom:video-decoder-ogg-theora: a1e56fd34408186e4bbccfd4996cb3dc -> 
  custom:container-muxer-webm: aa71ff27fc2769a1b78a27578f13a17b -> 
  custom:container-demuxer-webm: 4f35f7cbe854078d1ac9338744f61a02 -> 
  custom:container-demuxer-ogg: 62fdf1f143b41e24485cea50d1cbac27 -> 
  custom:video-encoder-webm-vp8: eb34c28f22e8b96e1ab97ce403110664 -> 
  custom:video-codec-MediaFoundation-h265: 746d11721c4dcdbdad8f713fa42b33f4 -> 
  custom:video-decoder-webm-vp8: 9c59270c3fd7afecdb556c50c9e8de78 -> 
  custom:audio-decoder-ogg-vorbis: bf7c407c2cedff20999df2af8eb42d56 -> 
  custom:audio-encoder-webm-vorbis: bf7c407c2cedff20999df2af8eb42d56 -> 
========================================================================
Received Prepare
Registering precompiled user dll's ...
Registered in 0.007582 seconds.
Begin MonoManager ReloadAssembly
Native extension for WindowsStandalone target not found
Refreshing native plugins compatible for Editor in 0.65 ms, found 3 plugins.
Preloading 0 native plugins for Editor in 0.00 ms.
Mono: successfully reloaded assembly
- Completed reload, in  1.577 seconds
Platform modules already initialized, skipping
Refreshing native plugins compatible for Editor in 0.80 ms, found 3 plugins.
Preloading 0 native plugins for Editor in 0.00 ms.
Unloading 2101 Unused Serialized files (Serialized files now loaded: 0)
System memory in use before: 93.1 MB.
System memory in use after: 93.3 MB.

Unloading 16 unused Assets to reduce memory usage. Loaded Objects now: 2571.
Total: 4.267200 ms (FindLiveObjects: 0.341800 ms CreateObjectMapping: 0.126200 ms MarkObjects: 3.763200 ms  DeleteObjects: 0.033500 ms)

AssetImportParameters requested are different than current active one (requested -> active):
  custom:framework-win-MediaFoundation: 216162199b28c13a410421893ffa2e32 -> 
  custom:video-decoder-ogg-theora: a1e56fd34408186e4bbccfd4996cb3dc -> 
  custom:container-muxer-webm: aa71ff27fc2769a1b78a27578f13a17b -> 
  custom:container-demuxer-webm: 4f35f7cbe854078d1ac9338744f61a02 -> 
  custom:container-demuxer-ogg: 62fdf1f143b41e24485cea50d1cbac27 -> 
  custom:video-encoder-webm-vp8: eb34c28f22e8b96e1ab97ce403110664 -> 
  custom:video-codec-MediaFoundation-h265: 746d11721c4dcdbdad8f713fa42b33f4 -> 
  custom:video-decoder-webm-vp8: 9c59270c3fd7afecdb556c50c9e8de78 -> 
  custom:audio-decoder-ogg-vorbis: bf7c407c2cedff20999df2af8eb42d56 -> 
  custom:audio-encoder-webm-vorbis: bf7c407c2cedff20999df2af8eb42d56 -> 
========================================================================
Received Prepare
Registering precompiled user dll's ...
Registered in 0.007068 seconds.
Begin MonoManager ReloadAssembly
Native extension for WindowsStandalone target not found
Refreshing native plugins compatible for Editor in 0.88 ms, found 3 plugins.
Preloading 0 native plugins for Editor in 0.00 ms.
Mono: successfully reloaded assembly
- Completed reload, in  1.719 seconds
Platform modules already initialized, skipping
Refreshing native plugins compatible for Editor in 0.83 ms, found 3 plugins.
Preloading 0 native plugins for Editor in 0.00 ms.
Unloading 2101 Unused Serialized files (Serialized files now loaded: 0)
System memory in use before: 93.2 MB.
System memory in use after: 93.3 MB.

Unloading 16 unused Assets to reduce memory usage. Loaded Objects now: 2575.
Total: 3.844900 ms (FindLiveObjects: 0.417600 ms CreateObjectMapping: 0.157400 ms MarkObjects: 3.191900 ms  DeleteObjects: 0.073800 ms)

AssetImportParameters requested are different than current active one (requested -> active):
  custom:framework-win-MediaFoundation: 216162199b28c13a410421893ffa2e32 -> 
  custom:video-decoder-ogg-theora: a1e56fd34408186e4bbccfd4996cb3dc -> 
  custom:container-muxer-webm: aa71ff27fc2769a1b78a27578f13a17b -> 
  custom:container-demuxer-webm: 4f35f7cbe854078d1ac9338744f61a02 -> 
  custom:container-demuxer-ogg: 62fdf1f143b41e24485cea50d1cbac27 -> 
  custom:video-encoder-webm-vp8: eb34c28f22e8b96e1ab97ce403110664 -> 
  custom:video-codec-MediaFoundation-h265: 746d11721c4dcdbdad8f713fa42b33f4 -> 
  custom:video-decoder-webm-vp8: 9c59270c3fd7afecdb556c50c9e8de78 -> 
  custom:audio-decoder-ogg-vorbis: bf7c407c2cedff20999df2af8eb42d56 -> 
  custom:audio-encoder-webm-vorbis: bf7c407c2cedff20999df2af8eb42d56 -> 
========================================================================
Received Prepare
Registering precompiled user dll's ...
Registered in 0.008301 seconds.
Begin MonoManager ReloadAssembly
Native extension for WindowsStandalone target not found
Refreshing native plugins compatible for Editor in 0.68 ms, found 3 plugins.
Preloading 0 native plugins for Editor in 0.00 ms.
Mono: successfully reloaded assembly
- Completed reload, in  1.569 seconds
Platform modules already initialized, skipping
Refreshing native plugins compatible for Editor in 0.66 ms, found 3 plugins.
Preloading 0 native plugins for Editor in 0.00 ms.
Unloading 2101 Unused Serialized files (Serialized files now loaded: 0)
System memory in use before: 93.2 MB.
System memory in use after: 93.3 MB.

Unloading 16 unused Assets to reduce memory usage. Loaded Objects now: 2579.
Total: 4.112900 ms (FindLiveObjects: 0.356100 ms CreateObjectMapping: 0.131500 ms MarkObjects: 3.586900 ms  DeleteObjects: 0.036300 ms)

AssetImportParameters requested are different than current active one (requested -> active):
  custom:framework-win-MediaFoundation: 216162199b28c13a410421893ffa2e32 -> 
  custom:video-decoder-ogg-theora: a1e56fd34408186e4bbccfd4996cb3dc -> 
  custom:container-muxer-webm: aa71ff27fc2769a1b78a27578f13a17b -> 
  custom:container-demuxer-webm: 4f35f7cbe854078d1ac9338744f61a02 -> 
  custom:container-demuxer-ogg: 62fdf1f143b41e24485cea50d1cbac27 -> 
  custom:video-encoder-webm-vp8: eb34c28f22e8b96e1ab97ce403110664 -> 
  custom:video-codec-MediaFoundation-h265: 746d11721c4dcdbdad8f713fa42b33f4 -> 
  custom:video-decoder-webm-vp8: 9c59270c3fd7afecdb556c50c9e8de78 -> 
  custom:audio-decoder-ogg-vorbis: bf7c407c2cedff20999df2af8eb42d56 -> 
  custom:audio-encoder-webm-vorbis: bf7c407c2cedff20999df2af8eb42d56 -> 
========================================================================
Received Prepare
Registering precompiled user dll's ...
Registered in 0.008370 seconds.
Begin MonoManager ReloadAssembly
Native extension for WindowsStandalone target not found
Refreshing native plugins compatible for Editor in 1.04 ms, found 3 plugins.
Preloading 0 native plugins for Editor in 0.00 ms.
Mono: successfully reloaded assembly
- Completed reload, in  1.876 seconds
Platform modules already initialized, skipping
Refreshing native plugins compatible for Editor in 0.80 ms, found 3 plugins.
Preloading 0 native plugins for Editor in 0.00 ms.
Unloading 2101 Unused Serialized files (Serialized files now loaded: 0)
System memory in use before: 93.2 MB.
System memory in use after: 93.3 MB.

Unloading 16 unused Assets to reduce memory usage. Loaded Objects now: 2583.
Total: 9.029600 ms (FindLiveObjects: 0.593400 ms CreateObjectMapping: 1.030400 ms MarkObjects: 7.361500 ms  DeleteObjects: 0.040300 ms)

AssetImportParameters requested are different than current active one (requested -> active):
  custom:framework-win-MediaFoundation: 216162199b28c13a410421893ffa2e32 -> 
  custom:video-decoder-ogg-theora: a1e56fd34408186e4bbccfd4996cb3dc -> 
  custom:container-muxer-webm: aa71ff27fc2769a1b78a27578f13a17b -> 
  custom:container-demuxer-webm: 4f35f7cbe854078d1ac9338744f61a02 -> 
  custom:container-demuxer-ogg: 62fdf1f143b41e24485cea50d1cbac27 -> 
  custom:video-encoder-webm-vp8: eb34c28f22e8b96e1ab97ce403110664 -> 
  custom:video-codec-MediaFoundation-h265: 746d11721c4dcdbdad8f713fa42b33f4 -> 
  custom:video-decoder-webm-vp8: 9c59270c3fd7afecdb556c50c9e8de78 -> 
  custom:audio-decoder-ogg-vorbis: bf7c407c2cedff20999df2af8eb42d56 -> 
  custom:audio-encoder-webm-vorbis: bf7c407c2cedff20999df2af8eb42d56 -> 
========================================================================
Received Import Request.
  Time since last request: 1724.900944 seconds.
  path: Assets/Scenes/IronRoom.unity
  artifactKey: Guid(3e9175278d408784dba2b25aca2bf726) Importer(815301076,1909f56bfc062723c751e8b465ee728b)
Start importing Assets/Scenes/IronRoom.unity using Guid(3e9175278d408784dba2b25aca2bf726) Importer(815301076,1909f56bfc062723c751e8b465ee728b)  -> (artifact id: '01cfbd95d4361c2a7ea36a4b8469d097') in 0.020366 seconds 
  Import took 0.027234 seconds .

========================================================================
Received Import Request.
  Time since last request: 19.597680 seconds.
  path: Assets/Scenes/CopperRoom.unity
  artifactKey: Guid(2122a48d7b6d62b43a7c86e30a63f11e) Importer(815301076,1909f56bfc062723c751e8b465ee728b)
Start importing Assets/Scenes/CopperRoom.unity using Guid(2122a48d7b6d62b43a7c86e30a63f11e) Importer(815301076,1909f56bfc062723c751e8b465ee728b)  -> (artifact id: 'e9c042e6eda53bf374564ea52ded8c72') in 0.008873 seconds 
  Import took 0.019876 seconds .

========================================================================
Received Import Request.
  Time since last request: 13.945292 seconds.
  path: Assets/Scenes/SilverRoom.unity
  artifactKey: Guid(fcce6983ac689cf4e8b474f1f3316bda) Importer(815301076,1909f56bfc062723c751e8b465ee728b)
Start importing Assets/Scenes/SilverRoom.unity using Guid(fcce6983ac689cf4e8b474f1f3316bda) Importer(815301076,1909f56bfc062723c751e8b465ee728b)  -> (artifact id: 'd37ebb0309e67874236071f19c1b76dd') in 0.007978 seconds 
  Import took 0.019865 seconds .

========================================================================
Received Import Request.
  Time since last request: 0.022725 seconds.
  path: Assets/Scenes/SilverRoom.unity
  artifactKey: Guid(fcce6983ac689cf4e8b474f1f3316bda) Importer(815301076,1909f56bfc062723c751e8b465ee728b)
Start importing Assets/Scenes/SilverRoom.unity using Guid(fcce6983ac689cf4e8b474f1f3316bda) Importer(815301076,1909f56bfc062723c751e8b465ee728b)  -> (artifact id: 'd37ebb0309e67874236071f19c1b76dd') in 0.008249 seconds 
  Import took 0.023073 seconds .

========================================================================
Received Import Request.
  Time since last request: 13.973651 seconds.
  path: Assets/Scenes/GoldRoom.unity
  artifactKey: Guid(32a01e1ca4564b64b92f5f867bdba8ef) Importer(815301076,1909f56bfc062723c751e8b465ee728b)
Start importing Assets/Scenes/GoldRoom.unity using Guid(32a01e1ca4564b64b92f5f867bdba8ef) Importer(815301076,1909f56bfc062723c751e8b465ee728b)  -> (artifact id: 'd0e31e70ea1397f0360f76fd74a0ba5d') in 0.008355 seconds 
  Import took 0.017812 seconds .

========================================================================
Received Import Request.
  Time since last request: 0.002447 seconds.
  path: Assets/Scenes/GoldRoom.unity
  artifactKey: Guid(32a01e1ca4564b64b92f5f867bdba8ef) Importer(815301076,1909f56bfc062723c751e8b465ee728b)
Start importing Assets/Scenes/GoldRoom.unity using Guid(32a01e1ca4564b64b92f5f867bdba8ef) Importer(815301076,1909f56bfc062723c751e8b465ee728b)  -> (artifact id: 'd0e31e70ea1397f0360f76fd74a0ba5d') in 0.009651 seconds 
  Import took 0.018001 seconds .

========================================================================
Received Import Request.
  Time since last request: 13.008189 seconds.
  path: Assets/Scenes/Hall.unity
  artifactKey: Guid(717aa96aee2c40b4797c22b4e388f932) Importer(815301076,1909f56bfc062723c751e8b465ee728b)
Start importing Assets/Scenes/Hall.unity using Guid(717aa96aee2c40b4797c22b4e388f932) Importer(815301076,1909f56bfc062723c751e8b465ee728b)  -> (artifact id: '8a982b2dc5c8f0c43b32c9956bde8e7a') in 0.006892 seconds 
  Import took 0.021068 seconds .

========================================================================
Received Import Request.
  Time since last request: 0.002452 seconds.
  path: Assets/Scenes/Hall.unity
  artifactKey: Guid(717aa96aee2c40b4797c22b4e388f932) Importer(815301076,1909f56bfc062723c751e8b465ee728b)
Start importing Assets/Scenes/Hall.unity using Guid(717aa96aee2c40b4797c22b4e388f932) Importer(815301076,1909f56bfc062723c751e8b465ee728b)  -> (artifact id: '8a982b2dc5c8f0c43b32c9956bde8e7a') in 0.007173 seconds 
  Import took 0.017313 seconds .

========================================================================
Received Prepare
Registering precompiled user dll's ...
Registered in 0.013785 seconds.
Begin MonoManager ReloadAssembly
Native extension for WindowsStandalone target not found
Refreshing native plugins compatible for Editor in 1.15 ms, found 3 plugins.
Preloading 0 native plugins for Editor in 0.00 ms.
Mono: successfully reloaded assembly
- Completed reload, in  1.909 seconds
Platform modules already initialized, skipping
Refreshing native plugins compatible for Editor in 0.88 ms, found 3 plugins.
Preloading 0 native plugins for Editor in 0.00 ms.
Unloading 2101 Unused Serialized files (Serialized files now loaded: 0)
System memory in use before: 93.2 MB.
System memory in use after: 93.3 MB.

Unloading 16 unused Assets to reduce memory usage. Loaded Objects now: 2587.
Total: 5.944400 ms (FindLiveObjects: 0.747500 ms CreateObjectMapping: 0.185000 ms MarkObjects: 4.941300 ms  DeleteObjects: 0.067400 ms)

AssetImportParameters requested are different than current active one (requested -> active):
  custom:framework-win-MediaFoundation: 216162199b28c13a410421893ffa2e32 -> 
  custom:video-decoder-ogg-theora: a1e56fd34408186e4bbccfd4996cb3dc -> 
  custom:container-muxer-webm: aa71ff27fc2769a1b78a27578f13a17b -> 
  custom:container-demuxer-webm: 4f35f7cbe854078d1ac9338744f61a02 -> 
  custom:container-demuxer-ogg: 62fdf1f143b41e24485cea50d1cbac27 -> 
  custom:video-encoder-webm-vp8: eb34c28f22e8b96e1ab97ce403110664 -> 
  custom:video-codec-MediaFoundation-h265: 746d11721c4dcdbdad8f713fa42b33f4 -> 
  custom:video-decoder-webm-vp8: 9c59270c3fd7afecdb556c50c9e8de78 -> 
  custom:audio-decoder-ogg-vorbis: bf7c407c2cedff20999df2af8eb42d56 -> 
  custom:audio-encoder-webm-vorbis: bf7c407c2cedff20999df2af8eb42d56 -> 
========================================================================
Received Import Request.
  Time since last request: 227.355975 seconds.
  path: Assets/Scenes/GoldRoom.unity
  artifactKey: Guid(32a01e1ca4564b64b92f5f867bdba8ef) Importer(815301076,1909f56bfc062723c751e8b465ee728b)
Start importing Assets/Scenes/GoldRoom.unity using Guid(32a01e1ca4564b64b92f5f867bdba8ef) Importer(815301076,1909f56bfc062723c751e8b465ee728b)  -> (artifact id: 'e56a5a4ccaad87deeeeeb45a568da7dc') in 0.033477 seconds 
  Import took 0.048739 seconds .

========================================================================
Received Prepare
Registering precompiled user dll's ...
Registered in 0.010542 seconds.
Begin MonoManager ReloadAssembly
Native extension for WindowsStandalone target not found
Refreshing native plugins compatible for Editor in 0.64 ms, found 3 plugins.
Preloading 0 native plugins for Editor in 0.00 ms.
Mono: successfully reloaded assembly
- Completed reload, in  2.238 seconds
Platform modules already initialized, skipping
Refreshing native plugins compatible for Editor in 0.66 ms, found 3 plugins.
Preloading 0 native plugins for Editor in 0.00 ms.
Unloading 2101 Unused Serialized files (Serialized files now loaded: 0)
System memory in use before: 93.2 MB.
System memory in use after: 93.3 MB.

Unloading 16 unused Assets to reduce memory usage. Loaded Objects now: 2591.
Total: 3.386200 ms (FindLiveObjects: 0.276900 ms CreateObjectMapping: 0.078300 ms MarkObjects: 2.996600 ms  DeleteObjects: 0.033000 ms)

AssetImportParameters requested are different than current active one (requested -> active):
  custom:framework-win-MediaFoundation: 216162199b28c13a410421893ffa2e32 -> 
  custom:video-decoder-ogg-theora: a1e56fd34408186e4bbccfd4996cb3dc -> 
  custom:container-muxer-webm: aa71ff27fc2769a1b78a27578f13a17b -> 
  custom:container-demuxer-webm: 4f35f7cbe854078d1ac9338744f61a02 -> 
  custom:container-demuxer-ogg: 62fdf1f143b41e24485cea50d1cbac27 -> 
  custom:video-encoder-webm-vp8: eb34c28f22e8b96e1ab97ce403110664 -> 
  custom:video-codec-MediaFoundation-h265: 746d11721c4dcdbdad8f713fa42b33f4 -> 
  custom:video-decoder-webm-vp8: 9c59270c3fd7afecdb556c50c9e8de78 -> 
  custom:audio-decoder-ogg-vorbis: bf7c407c2cedff20999df2af8eb42d56 -> 
  custom:audio-encoder-webm-vorbis: bf7c407c2cedff20999df2af8eb42d56 -> 
========================================================================
Received Prepare
Registering precompiled user dll's ...
Registered in 0.008755 seconds.
Begin MonoManager ReloadAssembly
Native extension for WindowsStandalone target not found
Refreshing native plugins compatible for Editor in 0.74 ms, found 3 plugins.
Preloading 0 native plugins for Editor in 0.00 ms.
Mono: successfully reloaded assembly
- Completed reload, in  1.686 seconds
Platform modules already initialized, skipping
Refreshing native plugins compatible for Editor in 0.51 ms, found 3 plugins.
Preloading 0 native plugins for Editor in 0.00 ms.
Unloading 2101 Unused Serialized files (Serialized files now loaded: 0)
System memory in use before: 93.2 MB.
System memory in use after: 93.3 MB.

Unloading 16 unused Assets to reduce memory usage. Loaded Objects now: 2595.
Total: 3.165200 ms (FindLiveObjects: 0.293000 ms CreateObjectMapping: 0.053100 ms MarkObjects: 2.793800 ms  DeleteObjects: 0.023800 ms)

AssetImportParameters requested are different than current active one (requested -> active):
  custom:framework-win-MediaFoundation: 216162199b28c13a410421893ffa2e32 -> 
  custom:video-decoder-ogg-theora: a1e56fd34408186e4bbccfd4996cb3dc -> 
  custom:container-muxer-webm: aa71ff27fc2769a1b78a27578f13a17b -> 
  custom:container-demuxer-webm: 4f35f7cbe854078d1ac9338744f61a02 -> 
  custom:container-demuxer-ogg: 62fdf1f143b41e24485cea50d1cbac27 -> 
  custom:video-encoder-webm-vp8: eb34c28f22e8b96e1ab97ce403110664 -> 
  custom:video-codec-MediaFoundation-h265: 746d11721c4dcdbdad8f713fa42b33f4 -> 
  custom:video-decoder-webm-vp8: 9c59270c3fd7afecdb556c50c9e8de78 -> 
  custom:audio-decoder-ogg-vorbis: bf7c407c2cedff20999df2af8eb42d56 -> 
  custom:audio-encoder-webm-vorbis: bf7c407c2cedff20999df2af8eb42d56 -> 
========================================================================
Received Prepare
Registering precompiled user dll's ...
Registered in 0.009413 seconds.
Begin MonoManager ReloadAssembly
Native extension for WindowsStandalone target not found
Refreshing native plugins compatible for Editor in 0.99 ms, found 3 plugins.
Preloading 0 native plugins for Editor in 0.00 ms.
Mono: successfully reloaded assembly
- Completed reload, in  2.180 seconds
Platform modules already initialized, skipping
Refreshing native plugins compatible for Editor in 0.64 ms, found 3 plugins.
Preloading 0 native plugins for Editor in 0.00 ms.
Unloading 2101 Unused Serialized files (Serialized files now loaded: 0)
System memory in use before: 93.2 MB.
System memory in use after: 93.4 MB.

Unloading 16 unused Assets to reduce memory usage. Loaded Objects now: 2599.
Total: 3.320100 ms (FindLiveObjects: 0.367300 ms CreateObjectMapping: 0.132500 ms MarkObjects: 2.784400 ms  DeleteObjects: 0.033500 ms)

AssetImportParameters requested are different than current active one (requested -> active):
  custom:framework-win-MediaFoundation: 216162199b28c13a410421893ffa2e32 -> 
  custom:video-decoder-ogg-theora: a1e56fd34408186e4bbccfd4996cb3dc -> 
  custom:container-muxer-webm: aa71ff27fc2769a1b78a27578f13a17b -> 
  custom:container-demuxer-webm: 4f35f7cbe854078d1ac9338744f61a02 -> 
  custom:container-demuxer-ogg: 62fdf1f143b41e24485cea50d1cbac27 -> 
  custom:video-encoder-webm-vp8: eb34c28f22e8b96e1ab97ce403110664 -> 
  custom:video-codec-MediaFoundation-h265: 746d11721c4dcdbdad8f713fa42b33f4 -> 
  custom:video-decoder-webm-vp8: 9c59270c3fd7afecdb556c50c9e8de78 -> 
  custom:audio-decoder-ogg-vorbis: bf7c407c2cedff20999df2af8eb42d56 -> 
  custom:audio-encoder-webm-vorbis: bf7c407c2cedff20999df2af8eb42d56 -> 
========================================================================
Received Prepare
Refreshing native plugins compatible for Editor in 4.94 ms, found 3 plugins.
Preloading 0 native plugins for Editor in 0.00 ms.
Unloading 14 Unused Serialized files (Serialized files now loaded: 0)
System memory in use before: 52.0 MB.
System memory in use after: 52.1 MB.

Unloading 14 unused Assets to reduce memory usage. Loaded Objects now: 2599.
Total: 2.590500 ms (FindLiveObjects: 0.249500 ms CreateObjectMapping: 0.061800 ms MarkObjects: 2.248500 ms  DeleteObjects: 0.029200 ms)

AssetImportParameters requested are different than current active one (requested -> active):
  custom:framework-win-MediaFoundation: 216162199b28c13a410421893ffa2e32 -> 
  custom:video-decoder-ogg-theora: a1e56fd34408186e4bbccfd4996cb3dc -> 
  custom:container-muxer-webm: aa71ff27fc2769a1b78a27578f13a17b -> 
  custom:container-demuxer-webm: 4f35f7cbe854078d1ac9338744f61a02 -> 
  custom:container-demuxer-ogg: 62fdf1f143b41e24485cea50d1cbac27 -> 
  custom:video-encoder-webm-vp8: eb34c28f22e8b96e1ab97ce403110664 -> 
  custom:video-codec-MediaFoundation-h265: 746d11721c4dcdbdad8f713fa42b33f4 -> 
  custom:video-decoder-webm-vp8: 9c59270c3fd7afecdb556c50c9e8de78 -> 
  custom:audio-decoder-ogg-vorbis: bf7c407c2cedff20999df2af8eb42d56 -> 
  custom:audio-encoder-webm-vorbis: bf7c407c2cedff20999df2af8eb42d56 -> 
========================================================================
Received Prepare
Refreshing native plugins compatible for Editor in 3.91 ms, found 3 plugins.
Preloading 0 native plugins for Editor in 0.00 ms.
Unloading 14 Unused Serialized files (Serialized files now loaded: 0)
System memory in use before: 52.0 MB.
System memory in use after: 52.1 MB.

Unloading 14 unused Assets to reduce memory usage. Loaded Objects now: 2599.
Total: 2.916500 ms (FindLiveObjects: 0.359600 ms CreateObjectMapping: 0.132500 ms MarkObjects: 2.402700 ms  DeleteObjects: 0.020100 ms)

AssetImportParameters requested are different than current active one (requested -> active):
  custom:framework-win-MediaFoundation: 216162199b28c13a410421893ffa2e32 -> 
  custom:video-decoder-ogg-theora: a1e56fd34408186e4bbccfd4996cb3dc -> 
  custom:container-muxer-webm: aa71ff27fc2769a1b78a27578f13a17b -> 
  custom:container-demuxer-webm: 4f35f7cbe854078d1ac9338744f61a02 -> 
  custom:container-demuxer-ogg: 62fdf1f143b41e24485cea50d1cbac27 -> 
  custom:video-encoder-webm-vp8: eb34c28f22e8b96e1ab97ce403110664 -> 
  custom:video-codec-MediaFoundation-h265: 746d11721c4dcdbdad8f713fa42b33f4 -> 
  custom:video-decoder-webm-vp8: 9c59270c3fd7afecdb556c50c9e8de78 -> 
  custom:audio-decoder-ogg-vorbis: bf7c407c2cedff20999df2af8eb42d56 -> 
  custom:audio-encoder-webm-vorbis: bf7c407c2cedff20999df2af8eb42d56 -> 
========================================================================
Received Prepare
Refreshing native plugins compatible for Editor in 5.08 ms, found 3 plugins.
Preloading 0 native plugins for Editor in 0.00 ms.
Unloading 14 Unused Serialized files (Serialized files now loaded: 0)
System memory in use before: 52.0 MB.
System memory in use after: 52.1 MB.

Unloading 14 unused Assets to reduce memory usage. Loaded Objects now: 2599.
Total: 8.048200 ms (FindLiveObjects: 0.318600 ms CreateObjectMapping: 0.067300 ms MarkObjects: 7.628700 ms  DeleteObjects: 0.032000 ms)

AssetImportParameters requested are different than current active one (requested -> active):
  custom:framework-win-MediaFoundation: 216162199b28c13a410421893ffa2e32 -> 
  custom:video-decoder-ogg-theora: a1e56fd34408186e4bbccfd4996cb3dc -> 
  custom:container-muxer-webm: aa71ff27fc2769a1b78a27578f13a17b -> 
  custom:container-demuxer-webm: 4f35f7cbe854078d1ac9338744f61a02 -> 
  custom:container-demuxer-ogg: 62fdf1f143b41e24485cea50d1cbac27 -> 
  custom:video-encoder-webm-vp8: eb34c28f22e8b96e1ab97ce403110664 -> 
  custom:video-codec-MediaFoundation-h265: 746d11721c4dcdbdad8f713fa42b33f4 -> 
  custom:video-decoder-webm-vp8: 9c59270c3fd7afecdb556c50c9e8de78 -> 
  custom:audio-decoder-ogg-vorbis: bf7c407c2cedff20999df2af8eb42d56 -> 
  custom:audio-encoder-webm-vorbis: bf7c407c2cedff20999df2af8eb42d56 -> 
========================================================================
Received Prepare
Refreshing native plugins compatible for Editor in 6.11 ms, found 3 plugins.
Preloading 0 native plugins for Editor in 0.00 ms.
Unloading 14 Unused Serialized files (Serialized files now loaded: 0)
System memory in use before: 52.0 MB.
System memory in use after: 52.1 MB.

Unloading 14 unused Assets to reduce memory usage. Loaded Objects now: 2599.
Total: 3.510800 ms (FindLiveObjects: 0.274700 ms CreateObjectMapping: 0.079400 ms MarkObjects: 3.090600 ms  DeleteObjects: 0.064700 ms)

AssetImportParameters requested are different than current active one (requested -> active):
  custom:framework-win-MediaFoundation: 216162199b28c13a410421893ffa2e32 -> 
  custom:video-decoder-ogg-theora: a1e56fd34408186e4bbccfd4996cb3dc -> 
  custom:container-muxer-webm: aa71ff27fc2769a1b78a27578f13a17b -> 
  custom:container-demuxer-webm: 4f35f7cbe854078d1ac9338744f61a02 -> 
  custom:container-demuxer-ogg: 62fdf1f143b41e24485cea50d1cbac27 -> 
  custom:video-encoder-webm-vp8: eb34c28f22e8b96e1ab97ce403110664 -> 
  custom:video-codec-MediaFoundation-h265: 746d11721c4dcdbdad8f713fa42b33f4 -> 
  custom:video-decoder-webm-vp8: 9c59270c3fd7afecdb556c50c9e8de78 -> 
  custom:audio-decoder-ogg-vorbis: bf7c407c2cedff20999df2af8eb42d56 -> 
  custom:audio-encoder-webm-vorbis: bf7c407c2cedff20999df2af8eb42d56 -> 
AssetImportWorkerClient::OnTransportError - code=2 error=End of file
